0 info it worked if it ends with ok
1 verbose cli [ 'C:\\Program Files\\nodejs\\node.exe',
1 verbose cli   'C:\\Program Files\\nodejs\\node_modules\\npm\\bin\\npm-cli.js',
1 verbose cli   'run',
1 verbose cli   'ts' ]
2 info using npm@3.10.8
3 info using node@v6.9.1
4 verbose run-script [ 'prets', 'ts', 'postts' ]
5 info lifecycle cloudbridge-core@0.0.19~prets: cloudbridge-core@0.0.19
6 silly lifecycle cloudbridge-core@0.0.19~prets: no script for prets, continuing
7 info lifecycle cloudbridge-core@0.0.19~ts: cloudbridge-core@0.0.19
8 verbose lifecycle cloudbridge-core@0.0.19~ts: unsafe-perm in lifecycle true
9 verbose lifecycle cloudbridge-core@0.0.19~ts: PATH: C:\Program Files\nodejs\node_modules\npm\bin\node-gyp-bin;F:\node\cloudbridge\cloudbridge-core\node_modules\.bin;C:\ProgramData\Oracle\Java\javapath;C:\dev\bin\perl\bin;C:\dev\bin\pyton\;C:\dev\bin\pyton\Scripts;C:\WINDOWS\system32;C:\WINDOWS;C:\WINDOWS\System32\Wbem;C:\WINDOWS\System32\WindowsPowerShell\v1.0\;C:\Program Files\Microsoft SQL Server\120\Tools\Binn\;C:\Program Files (x86)\Skype\Phone\;C:\Program Files\Microsoft SQL Server\110\Tools\Binn\;C:\Program Files\Java\jdk1.8.0_66\bin;C:\Program Files\Microsoft SQL Server\Client SDK\ODBC\110\Tools\Binn\;C:\Program Files (x86)\Microsoft SQL Server\120\Tools\Binn\;C:\Program Files\Microsoft SQL Server\120\DTS\Binn\;C:\Program Files (x86)\Microsoft SQL Server\120\Tools\Binn\ManagementStudio\;C:\Program Files (x86)\Microsoft SQL Server\120\DTS\Binn\;F:\dev\bin\android\sdk\platform-tools\;C:\Program Files (x86)\Xoreax\IncrediBuild;C:\Program Files (x86)\Microsoft Visual Studio 11.0\Common7\IDE;F:\dev\bin\maven\3.3.9\bin;C:\Program Files (x86)\Microsoft SQL Server Migration Assistant for Access\bin\;C:\Program Files\Microsoft SQL Server\130\Tools\Binn\;C:\ProgramData\chocolatey\bin;F:\dev\bin\gradle\2.14.1\bin;C:\Program Files (x86)\Microsoft Emulator Manager\1.0\;C:\Program Files (x86)\Windows Kits\10\Windows Performance Toolkit\;F:\dev\bin\qt\Tools\mingw492_32\bin\;F:\dev\bin\qt\Tools\QtCreator\bin;C:\WINDOWS\system32;C:\WINDOWS;C:\WINDOWS\System32\Wbem;C:\WINDOWS\System32\WindowsPowerShell\v1.0\;C:\Program Files (x86)\HP\LoadRunner\strawberry-perl\perl\bin;C:\Program Files\dotnet\;C:\Program Files\nodejs\;C:\Program Files (x86)\Yarn\bin;F:\dev\bin\sonar-scanner\bin;C:\Program Files\TortoiseSVN\bin;C:\Program Files\Git\cmd;C:\Users\roger\.dnx\bin;C:\Program Files (x86)\CMake\bin;C:\Program Files (x86)\Microsoft VS Code\bin;C:\Users\roger\AppData\Local\Microsoft\WindowsApps;C:\Users\roger\AppData\Roaming\npm;C:\Users\roger\AppData\Local\Yarn\.bin
10 verbose lifecycle cloudbridge-core@0.0.19~ts: CWD: F:\node\cloudbridge\cloudbridge-core
11 silly lifecycle cloudbridge-core@0.0.19~ts: Args: [ '/d /s /c', 'tsc' ]
12 silly lifecycle cloudbridge-core@0.0.19~ts: Returned: code: 2  signal: null
13 info lifecycle cloudbridge-core@0.0.19~ts: Failed to exec ts script
14 verbose stack Error: cloudbridge-core@0.0.19 ts: `tsc`
14 verbose stack Exit status 2
14 verbose stack     at EventEmitter.<anonymous> (C:\Program Files\nodejs\node_modules\npm\lib\utils\lifecycle.js:255:16)
14 verbose stack     at emitTwo (events.js:106:13)
14 verbose stack     at EventEmitter.emit (events.js:191:7)
14 verbose stack     at ChildProcess.<anonymous> (C:\Program Files\nodejs\node_modules\npm\lib\utils\spawn.js:40:14)
14 verbose stack     at emitTwo (events.js:106:13)
14 verbose stack     at ChildProcess.emit (events.js:191:7)
14 verbose stack     at maybeClose (internal/child_process.js:877:16)
14 verbose stack     at Process.ChildProcess._handle.onexit (internal/child_process.js:226:5)
15 verbose pkgid cloudbridge-core@0.0.19
16 verbose cwd F:\node\cloudbridge\cloudbridge-core
17 error Windows_NT 10.0.14393
18 error argv "C:\\Program Files\\nodejs\\node.exe" "C:\\Program Files\\nodejs\\node_modules\\npm\\bin\\npm-cli.js" "run" "ts"
19 error node v6.9.1
20 error npm  v3.10.8
21 error code ELIFECYCLE
22 error cloudbridge-core@0.0.19 ts: `tsc`
22 error Exit status 2
23 error Failed at the cloudbridge-core@0.0.19 ts script 'tsc'.
23 error Make sure you have the latest version of node.js and npm installed.
23 error If you do, this is most likely a problem with the cloudbridge-core package,
23 error not with npm itself.
23 error Tell the author that this fails on your system:
23 error     tsc
23 error You can get information on how to open an issue for this project with:
23 error     npm bugs cloudbridge-core
23 error Or if that isn't available, you can get their info via:
23 error     npm owner ls cloudbridge-core
23 error There is likely additional logging output above.
24 verbose exit [ 1, true ]
